[2026-03-14 16:54:30] [INFO] redirectController initialized with collection: Collection(Database(MongoClient(host=['localhost:27017'], document_class=dict, tz_aware=False, connect=True, serverselectiontimeoutms=10000), 'ecommerce'), 'redirects')
[2026-03-14 16:54:30] [INFO] Unique index on fromUrl ensured
[2026-03-14 16:57:43] [INFO] redirectController initialized with collection: Collection(Database(MongoClient(host=['localhost:27017'], document_class=dict, tz_aware=False, connect=True, serverselectiontimeoutms=10000), 'ecommerce'), 'redirects')
[2026-03-14 16:57:43] [INFO] Unique index on fromUrl ensured
[2026-03-14 17:10:52] [INFO] redirectController initialized with collection: Collection(Database(MongoClient(host=['localhost:27017'], document_class=dict, tz_aware=False, connect=True, serverselectiontimeoutms=10000), 'ecommerce'), 'redirects')
[2026-03-14 17:10:52] [INFO] Unique index on fromUrl ensured
[2026-03-14 17:14:25] [INFO] redirectController initialized with collection: Collection(Database(MongoClient(host=['localhost:27017'], document_class=dict, tz_aware=False, connect=True, serverselectiontimeoutms=10000), 'ecommerce'), 'redirects')
[2026-03-14 17:14:25] [INFO] Unique index on fromUrl ensured
[2026-03-14 17:16:01] [INFO] redirectController initialized with collection: Collection(Database(MongoClient(host=['localhost:27017'], document_class=dict, tz_aware=False, connect=True, serverselectiontimeoutms=10000), 'ecommerce'), 'redirects')
[2026-03-14 17:16:01] [INFO] Unique index on fromUrl ensured
[2026-03-14 17:17:39] [INFO] redirectController initialized with collection: Collection(Database(MongoClient(host=['localhost:27017'], document_class=dict, tz_aware=False, connect=True, serverselectiontimeoutms=10000), 'ecommerce'), 'redirects')
[2026-03-14 17:17:39] [INFO] Unique index on fromUrl ensured
[2026-03-14 17:18:11] [INFO] redirectController initialized with collection: Collection(Database(MongoClient(host=['localhost:27017'], document_class=dict, tz_aware=False, connect=True, serverselectiontimeoutms=10000), 'ecommerce'), 'redirects')
[2026-03-14 17:18:11] [INFO] Unique index on fromUrl ensured
[2026-03-14 17:22:52] [INFO] redirectController initialized with collection: Collection(Database(MongoClient(host=['localhost:27017'], document_class=dict, tz_aware=False, connect=True, serverselectiontimeoutms=10000), 'ecommerce'), 'redirects')
[2026-03-14 17:22:52] [INFO] Unique index on fromUrl ensured
[2026-03-14 17:30:13] [INFO] redirectController initialized with collection: Collection(Database(MongoClient(host=['localhost:27017'], document_class=dict, tz_aware=False, connect=True, serverselectiontimeoutms=10000), 'ecommerce'), 'redirects')
[2026-03-14 17:30:13] [INFO] Unique index on fromUrl ensured
[2026-03-14 17:30:38] [INFO] redirectController initialized with collection: Collection(Database(MongoClient(host=['localhost:27017'], document_class=dict, tz_aware=False, connect=True, serverselectiontimeoutms=10000), 'ecommerce'), 'redirects')
[2026-03-14 17:30:38] [INFO] Unique index on fromUrl ensured
[2026-03-14 17:34:07] [INFO] redirectController initialized with collection: Collection(Database(MongoClient(host=['localhost:27017'], document_class=dict, tz_aware=False, connect=True, serverselectiontimeoutms=10000), 'ecommerce'), 'redirects')
[2026-03-14 17:34:07] [INFO] Unique index on fromUrl ensured
[2026-03-14 17:34:15] [INFO] redirectController initialized with collection: Collection(Database(MongoClient(host=['localhost:27017'], document_class=dict, tz_aware=False, connect=True, serverselectiontimeoutms=10000), 'ecommerce'), 'redirects')
[2026-03-14 17:34:15] [INFO] Unique index on fromUrl ensured
[2026-03-14 17:36:52] [INFO] redirectController initialized with collection: Collection(Database(MongoClient(host=['localhost:27017'], document_class=dict, tz_aware=False, connect=True, serverselectiontimeoutms=10000), 'ecommerce'), 'redirects')
[2026-03-14 17:36:52] [INFO] Unique index on fromUrl ensured
[2026-03-14 17:37:04] [INFO] redirectController initialized with collection: Collection(Database(MongoClient(host=['localhost:27017'], document_class=dict, tz_aware=False, connect=True, serverselectiontimeoutms=10000), 'ecommerce'), 'redirects')
[2026-03-14 17:37:04] [INFO] Unique index on fromUrl ensured
[2026-03-14 17:37:08] [INFO] redirectController initialized with collection: Collection(Database(MongoClient(host=['localhost:27017'], document_class=dict, tz_aware=False, connect=True, serverselectiontimeoutms=10000), 'ecommerce'), 'redirects')
[2026-03-14 17:37:08] [INFO] Unique index on fromUrl ensured
[2026-03-14 17:37:18] [INFO] redirectController initialized with collection: Collection(Database(MongoClient(host=['localhost:27017'], document_class=dict, tz_aware=False, connect=True, serverselectiontimeoutms=10000), 'ecommerce'), 'redirects')
[2026-03-14 17:37:18] [INFO] Unique index on fromUrl ensured
[2026-03-14 17:37:29] [INFO] redirectController initialized with collection: Collection(Database(MongoClient(host=['localhost:27017'], document_class=dict, tz_aware=False, connect=True, serverselectiontimeoutms=10000), 'ecommerce'), 'redirects')
[2026-03-14 17:37:29] [INFO] Unique index on fromUrl ensured
[2026-03-14 17:44:32] [INFO] redirectController initialized with collection: Collection(Database(MongoClient(host=['localhost:27017'], document_class=dict, tz_aware=False, connect=True, serverselectiontimeoutms=10000), 'ecommerce'), 'redirects')
[2026-03-14 17:44:32] [INFO] Unique index on fromUrl ensured
[2026-03-14 17:44:43] [INFO] redirectController initialized with collection: Collection(Database(MongoClient(host=['localhost:27017'], document_class=dict, tz_aware=False, connect=True, serverselectiontimeoutms=10000), 'ecommerce'), 'redirects')
[2026-03-14 17:44:43] [INFO] Unique index on fromUrl ensured
[2026-03-14 17:45:16] [INFO] redirectController initialized with collection: Collection(Database(MongoClient(host=['localhost:27017'], document_class=dict, tz_aware=False, connect=True, serverselectiontimeoutms=10000), 'ecommerce'), 'redirects')
[2026-03-14 17:45:16] [INFO] Unique index on fromUrl ensured
[2026-03-16 10:30:49] [INFO] redirectController initialized with collection: Collection(Database(MongoClient(host=['localhost:27017'], document_class=dict, tz_aware=False, connect=True, serverselectiontimeoutms=10000), 'ecommerce'), 'redirects')
[2026-03-16 10:30:49] [INFO] Unique index on fromUrl ensured
[2026-03-16 10:45:37] [INFO] redirectController initialized with collection: Collection(Database(MongoClient(host=['localhost:27017'], document_class=dict, tz_aware=False, connect=True, serverselectiontimeoutms=10000), 'ecommerce'), 'redirects')
[2026-03-16 10:45:37] [INFO] Unique index on fromUrl ensured
[2026-03-16 10:47:40] [INFO] redirectController initialized with collection: Collection(Database(MongoClient(host=['localhost:27017'], document_class=dict, tz_aware=False, connect=True, serverselectiontimeoutms=10000), 'ecommerce'), 'redirects')
[2026-03-16 10:47:40] [INFO] Unique index on fromUrl ensured
[2026-03-16 10:48:48] [INFO] redirectController initialized with collection: Collection(Database(MongoClient(host=['localhost:27017'], document_class=dict, tz_aware=False, connect=True, serverselectiontimeoutms=10000), 'ecommerce'), 'redirects')
[2026-03-16 10:48:48] [INFO] Unique index on fromUrl ensured
[2026-03-16 10:51:40] [INFO] redirectController initialized with collection: Collection(Database(MongoClient(host=['localhost:27017'], document_class=dict, tz_aware=False, connect=True, serverselectiontimeoutms=10000), 'ecommerce'), 'redirects')
[2026-03-16 10:51:40] [INFO] Unique index on fromUrl ensured
[2026-03-16 10:53:37] [INFO] redirectController initialized with collection: Collection(Database(MongoClient(host=['localhost:27017'], document_class=dict, tz_aware=False, connect=True, serverselectiontimeoutms=10000), 'ecommerce'), 'redirects')
[2026-03-16 10:53:37] [INFO] Unique index on fromUrl ensured
[2026-03-16 10:54:17] [INFO] redirectController initialized with collection: Collection(Database(MongoClient(host=['localhost:27017'], document_class=dict, tz_aware=False, connect=True, serverselectiontimeoutms=10000), 'ecommerce'), 'redirects')
[2026-03-16 10:54:17] [INFO] Unique index on fromUrl ensured
[2026-03-16 10:56:01] [INFO] redirectController initialized with collection: Collection(Database(MongoClient(host=['localhost:27017'], document_class=dict, tz_aware=False, connect=True, serverselectiontimeoutms=10000), 'ecommerce'), 'redirects')
[2026-03-16 10:56:01] [INFO] Unique index on fromUrl ensured
[2026-03-16 10:58:36] [INFO] redirectController initialized with collection: Collection(Database(MongoClient(host=['localhost:27017'], document_class=dict, tz_aware=False, connect=True, serverselectiontimeoutms=10000), 'ecommerce'), 'redirects')
[2026-03-16 10:58:36] [INFO] Unique index on fromUrl ensured
[2026-03-16 11:10:48] [INFO] redirectController initialized with collection: Collection(Database(MongoClient(host=['localhost:27017'], document_class=dict, tz_aware=False, connect=True, serverselectiontimeoutms=10000), 'ecommerce'), 'redirects')
[2026-03-16 11:10:48] [INFO] Unique index on fromUrl ensured
[2026-03-16 11:23:26] [INFO] redirectController initialized with collection: Collection(Database(MongoClient(host=['localhost:27017'], document_class=dict, tz_aware=False, connect=True, serverselectiontimeoutms=10000), 'ecommerce'), 'redirects')
[2026-03-16 11:23:26] [INFO] Unique index on fromUrl ensured
[2026-03-16 11:29:14] [INFO] redirectController initialized with collection: Collection(Database(MongoClient(host=['localhost:27017'], document_class=dict, tz_aware=False, connect=True, serverselectiontimeoutms=10000), 'ecommerce'), 'redirects')
[2026-03-16 11:29:14] [INFO] Unique index on fromUrl ensured
[2026-03-16 11:33:16] [INFO] redirectController initialized with collection: Collection(Database(MongoClient(host=['localhost:27017'], document_class=dict, tz_aware=False, connect=True, serverselectiontimeoutms=10000), 'ecommerce'), 'redirects')
[2026-03-16 11:33:16] [INFO] Unique index on fromUrl ensured
[2026-03-16 11:36:29] [INFO] redirectController initialized with collection: Collection(Database(MongoClient(host=['localhost:27017'], document_class=dict, tz_aware=False, connect=True, serverselectiontimeoutms=10000), 'ecommerce'), 'redirects')
[2026-03-16 11:36:29] [INFO] Unique index on fromUrl ensured
[2026-03-16 11:36:54] [INFO] redirectController initialized with collection: Collection(Database(MongoClient(host=['localhost:27017'], document_class=dict, tz_aware=False, connect=True, serverselectiontimeoutms=10000), 'ecommerce'), 'redirects')
[2026-03-16 11:36:54] [INFO] Unique index on fromUrl ensured
[2026-03-16 11:38:38] [INFO] redirectController initialized with collection: Collection(Database(MongoClient(host=['localhost:27017'], document_class=dict, tz_aware=False, connect=True, serverselectiontimeoutms=10000), 'ecommerce'), 'redirects')
[2026-03-16 11:38:38] [INFO] Unique index on fromUrl ensured
[2026-03-16 11:38:48] [INFO] redirectController initialized with collection: Collection(Database(MongoClient(host=['localhost:27017'], document_class=dict, tz_aware=False, connect=True, serverselectiontimeoutms=10000), 'ecommerce'), 'redirects')
[2026-03-16 11:38:48] [INFO] Unique index on fromUrl ensured
[2026-03-16 12:09:46] [INFO] redirectController initialized with collection: Collection(Database(MongoClient(host=['localhost:27017'], document_class=dict, tz_aware=False, connect=True, serverselectiontimeoutms=10000), 'ecommerce'), 'redirects')
[2026-03-16 12:09:46] [INFO] Unique index on fromUrl ensured
[2026-03-16 12:10:07] [INFO] redirectController initialized with collection: Collection(Database(MongoClient(host=['localhost:27017'], document_class=dict, tz_aware=False, connect=True, serverselectiontimeoutms=10000), 'ecommerce'), 'redirects')
[2026-03-16 12:10:07] [INFO] Unique index on fromUrl ensured
[2026-03-16 12:10:19] [INFO] redirectController initialized with collection: Collection(Database(MongoClient(host=['localhost:27017'], document_class=dict, tz_aware=False, connect=True, serverselectiontimeoutms=10000), 'ecommerce'), 'redirects')
[2026-03-16 12:10:19] [INFO] Unique index on fromUrl ensured
[2026-03-16 12:13:55] [INFO] redirectController initialized with collection: Collection(Database(MongoClient(host=['localhost:27017'], document_class=dict, tz_aware=False, connect=True, serverselectiontimeoutms=10000), 'ecommerce'), 'redirects')
[2026-03-16 12:13:55] [INFO] Unique index on fromUrl ensured
[2026-03-16 12:19:36] [INFO] redirectController initialized with collection: Collection(Database(MongoClient(host=['localhost:27017'], document_class=dict, tz_aware=False, connect=True, serverselectiontimeoutms=10000), 'ecommerce'), 'redirects')
[2026-03-16 12:19:36] [INFO] Unique index on fromUrl ensured
[2026-03-16 12:21:55] [INFO] redirectController initialized with collection: Collection(Database(MongoClient(host=['localhost:27017'], document_class=dict, tz_aware=False, connect=True, serverselectiontimeoutms=10000), 'ecommerce'), 'redirects')
[2026-03-16 12:21:55] [INFO] Unique index on fromUrl ensured
[2026-03-16 12:29:32] [INFO] redirectController initialized with collection: Collection(Database(MongoClient(host=['localhost:27017'], document_class=dict, tz_aware=False, connect=True, serverselectiontimeoutms=10000), 'ecommerce'), 'redirects')
[2026-03-16 12:29:32] [INFO] Unique index on fromUrl ensured
[2026-03-16 12:44:28] [INFO] redirectController initialized with collection: Collection(Database(MongoClient(host=['localhost:27017'], document_class=dict, tz_aware=False, connect=True, serverselectiontimeoutms=10000), 'ecommerce'), 'redirects')
[2026-03-16 12:44:28] [INFO] Unique index on fromUrl ensured
[2026-03-16 12:46:54] [INFO] redirectController initialized with collection: Collection(Database(MongoClient(host=['localhost:27017'], document_class=dict, tz_aware=False, connect=True, serverselectiontimeoutms=10000), 'ecommerce'), 'redirects')
[2026-03-16 12:46:54] [INFO] Unique index on fromUrl ensured
[2026-03-16 13:15:03] [INFO] redirectController initialized with collection: Collection(Database(MongoClient(host=['localhost:27017'], document_class=dict, tz_aware=False, connect=True, serverselectiontimeoutms=10000), 'ecommerce'), 'redirects')
[2026-03-16 13:15:03] [INFO] Unique index on fromUrl ensured
[2026-03-16 13:37:59] [INFO] redirectController initialized with collection: Collection(Database(MongoClient(host=['localhost:27017'], document_class=dict, tz_aware=False, connect=True, serverselectiontimeoutms=10000), 'ecommerce'), 'redirects')
[2026-03-16 13:37:59] [INFO] Unique index on fromUrl ensured
[2026-03-16 13:42:52] [INFO] redirectController initialized with collection: Collection(Database(MongoClient(host=['localhost:27017'], document_class=dict, tz_aware=False, connect=True, serverselectiontimeoutms=10000), 'ecommerce'), 'redirects')
[2026-03-16 13:42:52] [INFO] Unique index on fromUrl ensured
[2026-03-16 14:17:00] [INFO] redirectController initialized with collection: Collection(Database(MongoClient(host=['localhost:27017'], document_class=dict, tz_aware=False, connect=True, serverselectiontimeoutms=10000), 'ecommerce'), 'redirects')
[2026-03-16 14:17:00] [INFO] Unique index on fromUrl ensured
[2026-03-16 14:19:13] [INFO] redirectController initialized with collection: Collection(Database(MongoClient(host=['localhost:27017'], document_class=dict, tz_aware=False, connect=True, serverselectiontimeoutms=10000), 'ecommerce'), 'redirects')
[2026-03-16 14:19:13] [INFO] Unique index on fromUrl ensured
[2026-03-16 14:20:20] [INFO] redirectController initialized with collection: Collection(Database(MongoClient(host=['localhost:27017'], document_class=dict, tz_aware=False, connect=True, serverselectiontimeoutms=10000), 'ecommerce'), 'redirects')
[2026-03-16 14:20:20] [INFO] Unique index on fromUrl ensured
[2026-03-16 14:21:16] [INFO] redirectController initialized with collection: Collection(Database(MongoClient(host=['localhost:27017'], document_class=dict, tz_aware=False, connect=True, serverselectiontimeoutms=10000), 'ecommerce'), 'redirects')
[2026-03-16 14:21:16] [INFO] Unique index on fromUrl ensured
[2026-03-16 14:23:54] [INFO] redirectController initialized with collection: Collection(Database(MongoClient(host=['localhost:27017'], document_class=dict, tz_aware=False, connect=True, serverselectiontimeoutms=10000), 'ecommerce'), 'redirects')
[2026-03-16 14:23:54] [INFO] Unique index on fromUrl ensured
[2026-03-16 15:10:24] [INFO] redirectController initialized with collection: Collection(Database(MongoClient(host=['localhost:27017'], document_class=dict, tz_aware=False, connect=True, serverselectiontimeoutms=10000), 'ecommerce'), 'redirects')
[2026-03-16 15:10:24] [INFO] Unique index on fromUrl ensured
[2026-03-16 15:11:56] [DEBUG] Found 2 total redirects in DB
[2026-03-16 15:11:56] [DEBUG] Returning 2 valid redirects after filtering
[2026-03-16 15:11:56] [DEBUG] Found 2 total redirects in DB
[2026-03-16 15:11:56] [DEBUG] Returning 2 valid redirects after filtering
[2026-03-16 15:14:32] [DEBUG] Resolving redirect for URL: /cookies
[2026-03-16 15:14:32] [DEBUG] No redirect found for URL: /cookies
[2026-03-16 15:14:40] [DEBUG] Resolving redirect for URL: /cookies
[2026-03-16 15:14:40] [DEBUG] No redirect found for URL: /cookies
[2026-03-16 15:14:44] [DEBUG] Resolving redirect for URL: /cookies
[2026-03-16 15:14:44] [DEBUG] No redirect found for URL: /cookies
[2026-03-16 15:14:44] [DEBUG] Resolving redirect for URL: /cookies
[2026-03-16 15:14:44] [DEBUG] No redirect found for URL: /cookies
[2026-03-16 15:14:50] [DEBUG] Resolving redirect for URL: /cookies
[2026-03-16 15:14:50] [DEBUG] No redirect found for URL: /cookies
[2026-03-16 15:14:50] [DEBUG] Resolving redirect for URL: /cookies
[2026-03-16 15:14:50] [DEBUG] No redirect found for URL: /cookies
[2026-03-16 15:15:31] [DEBUG] Found 2 total redirects in DB
[2026-03-16 15:15:31] [DEBUG] Returning 2 valid redirects after filtering
[2026-03-16 15:15:31] [DEBUG] Found 2 total redirects in DB
[2026-03-16 15:15:31] [DEBUG] Returning 2 valid redirects after filtering
[2026-03-16 15:29:39] [DEBUG] Found 2 total redirects in DB
[2026-03-16 15:29:39] [DEBUG] Returning 2 valid redirects after filtering
[2026-03-16 15:29:39] [DEBUG] Found 2 total redirects in DB
[2026-03-16 15:29:39] [DEBUG] Returning 2 valid redirects after filtering
[2026-03-16 15:33:13] [INFO] redirectController initialized with collection: Collection(Database(MongoClient(host=['localhost:27017'], document_class=dict, tz_aware=False, connect=True, serverselectiontimeoutms=10000), 'ecommerce'), 'redirects')
[2026-03-16 15:33:13] [INFO] Unique index on fromUrl ensured
[2026-03-16 15:39:37] [DEBUG] Resolving redirect for URL: /category/door-threshold
[2026-03-16 15:39:37] [DEBUG] No redirect found for URL: /category/door-threshold
[2026-03-16 15:40:20] [DEBUG] Resolving redirect for URL: /category/door-threshold
[2026-03-16 15:40:20] [DEBUG] No redirect found for URL: /category/door-threshold
[2026-03-16 15:40:26] [DEBUG] Resolving redirect for URL: /category/door-threshold
[2026-03-16 15:40:26] [DEBUG] No redirect found for URL: /category/door-threshold
[2026-03-16 15:40:31] [DEBUG] Resolving redirect for URL: /category/door-threshold
[2026-03-16 15:40:31] [DEBUG] No redirect found for URL: /category/door-threshold
[2026-03-16 15:40:42] [INFO] redirectController initialized with collection: Collection(Database(MongoClient(host=['localhost:27017'], document_class=dict, tz_aware=False, connect=True, serverselectiontimeoutms=10000), 'ecommerce'), 'redirects')
[2026-03-16 15:40:42] [INFO] Unique index on fromUrl ensured
[2026-03-16 15:47:34] [INFO] redirectController initialized with collection: Collection(Database(MongoClient(host=['localhost:27017'], document_class=dict, tz_aware=False, connect=True, serverselectiontimeoutms=10000), 'ecommerce'), 'redirects')
[2026-03-16 15:47:34] [INFO] Unique index on fromUrl ensured
[2026-03-16 15:54:41] [INFO] redirectController initialized with collection: Collection(Database(MongoClient(host=['localhost:27017'], document_class=dict, tz_aware=False, connect=True, serverselectiontimeoutms=10000), 'ecommerce'), 'redirects')
[2026-03-16 15:54:41] [INFO] Unique index on fromUrl ensured
[2026-03-16 16:27:14] [INFO] redirectController initialized with collection: Collection(Database(MongoClient(host=['localhost:27017'], document_class=dict, tz_aware=False, connect=True, serverselectiontimeoutms=10000), 'ecommerce'), 'redirects')
[2026-03-16 16:27:14] [INFO] Unique index on fromUrl ensured
[2026-03-16 16:46:06] [DEBUG] Found 2 total redirects in DB
[2026-03-16 16:46:06] [DEBUG] Returning 2 valid redirects after filtering
[2026-03-16 16:46:06] [DEBUG] Found 2 total redirects in DB
[2026-03-16 16:46:06] [DEBUG] Returning 2 valid redirects after filtering
[2026-03-16 16:46:10] [DEBUG] Found 2 total redirects in DB
[2026-03-16 16:46:10] [DEBUG] Returning 2 valid redirects after filtering
[2026-03-16 16:46:10] [DEBUG] Found 2 total redirects in DB
[2026-03-16 16:46:10] [DEBUG] Returning 2 valid redirects after filtering
[2026-03-16 16:46:22] [DEBUG] Found 2 total redirects in DB
[2026-03-16 16:46:22] [DEBUG] Returning 2 valid redirects after filtering
[2026-03-16 16:46:22] [DEBUG] Found 2 total redirects in DB
[2026-03-16 16:46:22] [DEBUG] Returning 2 valid redirects after filtering
[2026-03-16 16:46:43] [DEBUG] Found 2 total redirects in DB
[2026-03-16 16:46:43] [DEBUG] Returning 2 valid redirects after filtering
[2026-03-16 16:46:45] [DEBUG] Found 2 total redirects in DB
[2026-03-16 16:46:45] [DEBUG] Returning 2 valid redirects after filtering
[2026-03-16 16:46:46] [DEBUG] Found 2 total redirects in DB
[2026-03-16 16:46:46] [DEBUG] Returning 2 valid redirects after filtering
[2026-03-16 16:46:46] [DEBUG] Found 2 total redirects in DB
[2026-03-16 16:46:46] [DEBUG] Returning 2 valid redirects after filtering
[2026-03-16 16:55:28] [DEBUG] Found 2 total redirects in DB
[2026-03-16 16:55:28] [DEBUG] Returning 2 valid redirects after filtering
[2026-03-16 16:55:28] [DEBUG] Found 2 total redirects in DB
[2026-03-16 16:55:28] [DEBUG] Returning 2 valid redirects after filtering
[2026-03-16 16:55:32] [DEBUG] Found 2 total redirects in DB
[2026-03-16 16:55:32] [DEBUG] Returning 2 valid redirects after filtering
[2026-03-16 16:55:32] [DEBUG] Found 2 total redirects in DB
[2026-03-16 16:55:32] [DEBUG] Returning 2 valid redirects after filtering
[2026-03-16 16:55:36] [DEBUG] Found 2 total redirects in DB
[2026-03-16 16:55:36] [DEBUG] Returning 2 valid redirects after filtering
[2026-03-16 16:55:36] [DEBUG] Found 2 total redirects in DB
[2026-03-16 16:55:36] [DEBUG] Returning 2 valid redirects after filtering
[2026-03-16 16:55:38] [DEBUG] Found 2 total redirects in DB
[2026-03-16 16:55:38] [DEBUG] Returning 2 valid redirects after filtering
[2026-03-16 16:55:38] [DEBUG] Found 2 total redirects in DB
[2026-03-16 16:55:38] [DEBUG] Returning 2 valid redirects after filtering
[2026-03-16 16:55:39] [DEBUG] Found 2 total redirects in DB
[2026-03-16 16:55:39] [DEBUG] Returning 2 valid redirects after filtering
[2026-03-16 16:55:39] [DEBUG] Found 2 total redirects in DB
[2026-03-16 16:55:39] [DEBUG] Returning 2 valid redirects after filtering
[2026-03-16 17:07:13] [INFO] redirectController initialized with collection: Collection(Database(MongoClient(host=['localhost:27017'], document_class=dict, tz_aware=False, connect=True, serverselectiontimeoutms=10000), 'ecommerce'), 'redirects')
[2026-03-16 17:07:13] [INFO] Unique index on fromUrl ensured
[2026-03-16 17:07:21] [DEBUG] Found 2 total redirects in DB
[2026-03-16 17:07:21] [DEBUG] Returning 2 valid redirects after filtering
[2026-03-16 17:07:21] [DEBUG] Found 2 total redirects in DB
[2026-03-16 17:07:21] [DEBUG] Returning 2 valid redirects after filtering
[2026-03-16 17:07:21] [DEBUG] Found 2 total redirects in DB
[2026-03-16 17:07:21] [DEBUG] Returning 2 valid redirects after filtering
[2026-03-16 17:07:21] [DEBUG] Found 2 total redirects in DB
[2026-03-16 17:07:21] [DEBUG] Returning 2 valid redirects after filtering
[2026-03-16 17:08:47] [INFO] redirectController initialized with collection: Collection(Database(MongoClient(host=['localhost:27017'], document_class=dict, tz_aware=False, connect=True, serverselectiontimeoutms=10000), 'ecommerce'), 'redirects')
[2026-03-16 17:08:47] [INFO] Unique index on fromUrl ensured
[2026-03-16 17:10:15] [INFO] redirectController initialized with collection: Collection(Database(MongoClient(host=['localhost:27017'], document_class=dict, tz_aware=False, connect=True, serverselectiontimeoutms=10000), 'ecommerce'), 'redirects')
[2026-03-16 17:10:15] [INFO] Unique index on fromUrl ensured
[2026-03-17 10:20:44] [INFO] redirectController initialized with collection: Collection(Database(MongoClient(host=['localhost:27017'], document_class=dict, tz_aware=False, connect=True, serverselectiontimeoutms=10000), 'ecommerce'), 'redirects')
[2026-03-17 10:20:44] [INFO] Unique index on fromUrl ensured
[2026-03-17 10:23:37] [INFO] redirectController initialized with collection: Collection(Database(MongoClient(host=['localhost:27017'], document_class=dict, tz_aware=False, connect=True, serverselectiontimeoutms=10000), 'ecommerce'), 'redirects')
[2026-03-17 10:23:37] [INFO] Unique index on fromUrl ensured
[2026-03-17 10:25:47] [INFO] redirectController initialized with collection: Collection(Database(MongoClient(host=['localhost:27017'], document_class=dict, tz_aware=False, connect=True, serverselectiontimeoutms=10000), 'ecommerce'), 'redirects')
[2026-03-17 10:25:47] [INFO] Unique index on fromUrl ensured
[2026-03-17 10:30:27] [INFO] redirectController initialized with collection: Collection(Database(MongoClient(host=['localhost:27017'], document_class=dict, tz_aware=False, connect=True, serverselectiontimeoutms=10000), 'ecommerce'), 'redirects')
[2026-03-17 10:30:27] [INFO] Unique index on fromUrl ensured
[2026-03-17 10:44:19] [INFO] redirectController initialized with collection: Collection(Database(MongoClient(host=['localhost:27017'], document_class=dict, tz_aware=False, connect=True, serverselectiontimeoutms=10000), 'ecommerce'), 'redirects')
[2026-03-17 10:44:19] [INFO] Unique index on fromUrl ensured
[2026-03-17 10:45:30] [INFO] redirectController initialized with collection: Collection(Database(MongoClient(host=['localhost:27017'], document_class=dict, tz_aware=False, connect=True, serverselectiontimeoutms=10000), 'ecommerce'), 'redirects')
[2026-03-17 10:45:30] [INFO] Unique index on fromUrl ensured
[2026-03-17 11:08:42] [INFO] redirectController initialized with collection: Collection(Database(MongoClient(host=['localhost:27017'], document_class=dict, tz_aware=False, connect=True, serverselectiontimeoutms=10000), 'ecommerce'), 'redirects')
[2026-03-17 11:08:42] [INFO] Unique index on fromUrl ensured
[2026-03-17 11:17:51] [INFO] redirectController initialized with collection: Collection(Database(MongoClient(host=['localhost:27017'], document_class=dict, tz_aware=False, connect=True, serverselectiontimeoutms=10000), 'ecommerce'), 'redirects')
[2026-03-17 11:17:51] [INFO] Unique index on fromUrl ensured
[2026-03-17 11:19:20] [DEBUG] Found 2 total redirects in DB
[2026-03-17 11:19:20] [DEBUG] Returning 2 valid redirects after filtering
[2026-03-17 11:19:20] [DEBUG] Found 2 total redirects in DB
[2026-03-17 11:19:20] [DEBUG] Returning 2 valid redirects after filtering
[2026-03-17 11:27:05] [INFO] redirectController initialized with collection: Collection(Database(MongoClient(host=['localhost:27017'], document_class=dict, tz_aware=False, connect=True, serverselectiontimeoutms=10000), 'ecommerce'), 'redirects')
[2026-03-17 11:27:05] [INFO] Unique index on fromUrl ensured
[2026-03-17 11:32:52] [INFO] redirectController initialized with collection: Collection(Database(MongoClient(host=['localhost:27017'], document_class=dict, tz_aware=False, connect=True, serverselectiontimeoutms=10000), 'ecommerce'), 'redirects')
[2026-03-17 11:32:52] [INFO] Unique index on fromUrl ensured
[2026-03-17 11:35:13] [INFO] redirectController initialized with collection: Collection(Database(MongoClient(host=['localhost:27017'], document_class=dict, tz_aware=False, connect=True, serverselectiontimeoutms=10000), 'ecommerce'), 'redirects')
[2026-03-17 11:35:13] [INFO] Unique index on fromUrl ensured
[2026-03-17 11:41:01] [INFO] redirectController initialized with collection: Collection(Database(MongoClient(host=['localhost:27017'], document_class=dict, tz_aware=False, connect=True, serverselectiontimeoutms=10000), 'ecommerce'), 'redirects')
[2026-03-17 11:41:01] [INFO] Unique index on fromUrl ensured
[2026-03-17 11:45:26] [INFO] redirectController initialized with collection: Collection(Database(MongoClient(host=['localhost:27017'], document_class=dict, tz_aware=False, connect=True, serverselectiontimeoutms=10000), 'ecommerce'), 'redirects')
[2026-03-17 11:45:26] [INFO] Unique index on fromUrl ensured
[2026-03-17 11:46:04] [INFO] redirectController initialized with collection: Collection(Database(MongoClient(host=['localhost:27017'], document_class=dict, tz_aware=False, connect=True, serverselectiontimeoutms=10000), 'ecommerce'), 'redirects')
[2026-03-17 11:46:04] [INFO] Unique index on fromUrl ensured
[2026-03-17 11:48:10] [INFO] redirectController initialized with collection: Collection(Database(MongoClient(host=['localhost:27017'], document_class=dict, tz_aware=False, connect=True, serverselectiontimeoutms=10000), 'ecommerce'), 'redirects')
[2026-03-17 11:48:10] [INFO] Unique index on fromUrl ensured
[2026-03-17 13:56:32] [INFO] redirectController initialized with collection: Collection(Database(MongoClient(host=['localhost:27017'], document_class=dict, tz_aware=False, connect=True, serverselectiontimeoutms=10000), 'ecommerce'), 'redirects')
[2026-03-17 13:56:32] [INFO] Unique index on fromUrl ensured
[2026-03-17 14:08:06] [INFO] redirectController initialized with collection: Collection(Database(MongoClient(host=['localhost:27017'], document_class=dict, tz_aware=False, connect=True, serverselectiontimeoutms=10000), 'ecommerce'), 'redirects')
[2026-03-17 14:08:06] [INFO] Unique index on fromUrl ensured
[2026-03-17 14:11:45] [INFO] redirectController initialized with collection: Collection(Database(MongoClient(host=['localhost:27017'], document_class=dict, tz_aware=False, connect=True, serverselectiontimeoutms=10000), 'ecommerce'), 'redirects')
[2026-03-17 14:11:45] [INFO] Unique index on fromUrl ensured
[2026-03-17 14:14:42] [INFO] redirectController initialized with collection: Collection(Database(MongoClient(host=['localhost:27017'], document_class=dict, tz_aware=False, connect=True, serverselectiontimeoutms=10000), 'ecommerce'), 'redirects')
[2026-03-17 14:14:42] [INFO] Unique index on fromUrl ensured
[2026-03-17 14:25:01] [INFO] redirectController initialized with collection: Collection(Database(MongoClient(host=['localhost:27017'], document_class=dict, tz_aware=False, connect=True, serverselectiontimeoutms=10000), 'ecommerce'), 'redirects')
[2026-03-17 14:25:01] [INFO] Unique index on fromUrl ensured
[2026-03-17 14:54:00] [INFO] redirectController initialized with collection: Collection(Database(MongoClient(host=['localhost:27017'], document_class=dict, tz_aware=False, connect=True, serverselectiontimeoutms=10000), 'ecommerce'), 'redirects')
[2026-03-17 14:54:00] [INFO] Unique index on fromUrl ensured
[2026-03-18 10:27:56] [INFO] redirectController initialized with collection: Collection(Database(MongoClient(host=['localhost:27017'], document_class=dict, tz_aware=False, connect=True, serverselectiontimeoutms=10000), 'ecommerce'), 'redirects')
[2026-03-18 10:27:56] [INFO] Unique index on fromUrl ensured
[2026-03-18 10:46:47] [INFO] redirectController initialized with collection: Collection(Database(MongoClient(host=['localhost:27017'], document_class=dict, tz_aware=False, connect=True, serverselectiontimeoutms=10000), 'ecommerce'), 'redirects')
[2026-03-18 10:46:47] [INFO] Unique index on fromUrl ensured
[2026-03-19 11:13:22] [INFO] redirectController initialized with collection: Collection(Database(MongoClient(host=['ac-k16jf4q-shard-00-01.qy8ood8.mongodb.net:27017', 'ac-k16jf4q-shard-00-00.qy8ood8.mongodb.net:27017', 'ac-k16jf4q-shard-00-02.qy8ood8.mongodb.net:27017'], document_class=dict, tz_aware=False, connect=True, appname='wolfSupplies', authsource='admin', replicaset='atlas-mt3q9f-shard-0', tls=True, serverselectiontimeoutms=10000), 'ecommerce'), 'redirects')
[2026-03-19 11:13:23] [INFO] Unique index on fromUrl ensured
[2026-03-19 11:19:05] [INFO] redirectController initialized with collection: Collection(Database(MongoClient(host=['localhost:27017'], document_class=dict, tz_aware=False, connect=True, serverselectiontimeoutms=10000), 'ecommerce'), 'redirects')
[2026-03-19 11:19:05] [INFO] Unique index on fromUrl ensured
[2026-03-19 11:21:22] [INFO] redirectController initialized with collection: Collection(Database(MongoClient(host=['localhost:27017'], document_class=dict, tz_aware=False, connect=True, serverselectiontimeoutms=10000), 'ecommerce'), 'redirects')
[2026-03-19 11:21:22] [INFO] Unique index on fromUrl ensured
[2026-03-19 11:22:17] [INFO] redirectController initialized with collection: Collection(Database(MongoClient(host=['ac-k16jf4q-shard-00-00.qy8ood8.mongodb.net:27017', 'ac-k16jf4q-shard-00-02.qy8ood8.mongodb.net:27017', 'ac-k16jf4q-shard-00-01.qy8ood8.mongodb.net:27017'], document_class=dict, tz_aware=False, connect=True, appname='wolfSupplies', authsource='admin', replicaset='atlas-mt3q9f-shard-0', tls=True, serverselectiontimeoutms=10000), 'ecommerce'), 'redirects')
[2026-03-19 11:22:17] [INFO] Unique index on fromUrl ensured
[2026-03-19 11:26:53] [INFO] redirectController initialized with collection: Collection(Database(MongoClient(host=['ac-k16jf4q-shard-00-00.qy8ood8.mongodb.net:27017', 'ac-k16jf4q-shard-00-01.qy8ood8.mongodb.net:27017', 'ac-k16jf4q-shard-00-02.qy8ood8.mongodb.net:27017'], document_class=dict, tz_aware=False, connect=True, appname='wolfSupplies', authsource='admin', replicaset='atlas-mt3q9f-shard-0', tls=True, serverselectiontimeoutms=10000), 'ecommerce'), 'redirects')
[2026-03-19 11:26:53] [INFO] Unique index on fromUrl ensured
[2026-03-19 11:27:21] [INFO] redirectController initialized with collection: Collection(Database(MongoClient(host=['localhost:27017'], document_class=dict, tz_aware=False, connect=True, serverselectiontimeoutms=10000), 'ecommerce'), 'redirects')
[2026-03-19 11:27:21] [INFO] Unique index on fromUrl ensured
[2026-03-19 12:16:33] [INFO] redirectController initialized with collection: Collection(Database(MongoClient(host=['localhost:27017'], document_class=dict, tz_aware=False, connect=True, serverselectiontimeoutms=10000), 'ecommerce'), 'redirects')
[2026-03-19 12:16:33] [INFO] Unique index on fromUrl ensured
[2026-03-19 12:19:39] [INFO] redirectController initialized with collection: Collection(Database(MongoClient(host=['localhost:27017'], document_class=dict, tz_aware=False, connect=True, serverselectiontimeoutms=10000), 'ecommerce'), 'redirects')
[2026-03-19 12:19:39] [INFO] Unique index on fromUrl ensured
[2026-03-19 12:28:51] [INFO] redirectController initialized with collection: Collection(Database(MongoClient(host=['localhost:27017'], document_class=dict, tz_aware=False, connect=True, serverselectiontimeoutms=10000), 'ecommerce'), 'redirects')
[2026-03-19 12:28:51] [INFO] Unique index on fromUrl ensured
[2026-03-19 12:32:31] [INFO] redirectController initialized with collection: Collection(Database(MongoClient(host=['localhost:27017'], document_class=dict, tz_aware=False, connect=True, serverselectiontimeoutms=10000), 'ecommerce'), 'redirects')
[2026-03-19 12:32:31] [INFO] Unique index on fromUrl ensured
[2026-03-19 13:21:23] [INFO] redirectController initialized with collection: Collection(Database(MongoClient(host=['localhost:27017'], document_class=dict, tz_aware=False, connect=True, serverselectiontimeoutms=10000), 'ecommerce'), 'redirects')
[2026-03-19 13:21:23] [INFO] Unique index on fromUrl ensured
[2026-03-19 13:42:31] [INFO] redirectController initialized with collection: Collection(Database(MongoClient(host=['localhost:27017'], document_class=dict, tz_aware=False, connect=True, serverselectiontimeoutms=10000), 'ecommerce'), 'redirects')
[2026-03-19 13:42:31] [INFO] Unique index on fromUrl ensured
[2026-03-19 14:14:19] [INFO] redirectController initialized with collection: Collection(Database(MongoClient(host=['localhost:27017'], document_class=dict, tz_aware=False, connect=True, serverselectiontimeoutms=10000), 'ecommerce'), 'redirects')
[2026-03-19 14:14:19] [INFO] Unique index on fromUrl ensured
[2026-03-19 15:06:07] [INFO] redirectController initialized with collection: Collection(Database(MongoClient(host=['localhost:27017'], document_class=dict, tz_aware=False, connect=True, serverselectiontimeoutms=10000), 'ecommerce'), 'redirects')
[2026-03-19 15:06:07] [INFO] Unique index on fromUrl ensured
[2026-03-19 15:14:18] [INFO] redirectController initialized with collection: Collection(Database(MongoClient(host=['localhost:27017'], document_class=dict, tz_aware=False, connect=True, serverselectiontimeoutms=10000), 'ecommerce'), 'redirects')
[2026-03-19 15:14:18] [INFO] Unique index on fromUrl ensured
[2026-03-19 15:18:05] [INFO] redirectController initialized with collection: Collection(Database(MongoClient(host=['localhost:27017'], document_class=dict, tz_aware=False, connect=True, serverselectiontimeoutms=10000), 'ecommerce'), 'redirects')
[2026-03-19 15:18:05] [INFO] Unique index on fromUrl ensured
[2026-03-19 15:22:38] [INFO] redirectController initialized with collection: Collection(Database(MongoClient(host=['localhost:27017'], document_class=dict, tz_aware=False, connect=True, serverselectiontimeoutms=10000), 'ecommerce'), 'redirects')
[2026-03-19 15:22:38] [INFO] Unique index on fromUrl ensured
[2026-03-19 15:27:50] [INFO] redirectController initialized with collection: Collection(Database(MongoClient(host=['localhost:27017'], document_class=dict, tz_aware=False, connect=True, serverselectiontimeoutms=10000), 'ecommerce'), 'redirects')
[2026-03-19 15:27:50] [INFO] Unique index on fromUrl ensured
[2026-03-19 15:34:37] [INFO] redirectController initialized with collection: Collection(Database(MongoClient(host=['localhost:27017'], document_class=dict, tz_aware=False, connect=True, serverselectiontimeoutms=10000), 'ecommerce'), 'redirects')
[2026-03-19 15:34:37] [INFO] Unique index on fromUrl ensured
[2026-03-19 15:35:16] [INFO] redirectController initialized with collection: Collection(Database(MongoClient(host=['localhost:27017'], document_class=dict, tz_aware=False, connect=True, serverselectiontimeoutms=10000), 'ecommerce'), 'redirects')
[2026-03-19 15:35:16] [INFO] Unique index on fromUrl ensured
[2026-03-19 15:36:43] [INFO] redirectController initialized with collection: Collection(Database(MongoClient(host=['localhost:27017'], document_class=dict, tz_aware=False, connect=True, serverselectiontimeoutms=10000), 'ecommerce'), 'redirects')
[2026-03-19 15:36:43] [INFO] Unique index on fromUrl ensured
[2026-03-19 15:40:17] [INFO] redirectController initialized with collection: Collection(Database(MongoClient(host=['localhost:27017'], document_class=dict, tz_aware=False, connect=True, serverselectiontimeoutms=10000), 'ecommerce'), 'redirects')
[2026-03-19 15:40:17] [INFO] Unique index on fromUrl ensured
[2026-03-19 15:59:02] [INFO] redirectController initialized with collection: Collection(Database(MongoClient(host=['localhost:27017'], document_class=dict, tz_aware=False, connect=True, serverselectiontimeoutms=10000), 'ecommerce'), 'redirects')
[2026-03-19 15:59:02] [INFO] Unique index on fromUrl ensured
[2026-03-19 16:08:10] [INFO] redirectController initialized with collection: Collection(Database(MongoClient(host=['localhost:27017'], document_class=dict, tz_aware=False, connect=True, serverselectiontimeoutms=10000), 'ecommerce'), 'redirects')
[2026-03-19 16:08:10] [INFO] Unique index on fromUrl ensured
[2026-03-19 16:36:46] [INFO] redirectController initialized with collection: Collection(Database(MongoClient(host=['localhost:27017'], document_class=dict, tz_aware=False, connect=True, serverselectiontimeoutms=10000), 'ecommerce'), 'redirects')
[2026-03-19 16:36:46] [INFO] Unique index on fromUrl ensured
[2026-03-19 16:38:57] [INFO] redirectController initialized with collection: Collection(Database(MongoClient(host=['localhost:27017'], document_class=dict, tz_aware=False, connect=True, serverselectiontimeoutms=10000), 'ecommerce'), 'redirects')
[2026-03-19 16:38:57] [INFO] Unique index on fromUrl ensured
[2026-03-19 17:02:05] [INFO] redirectController initialized with collection: Collection(Database(MongoClient(host=['localhost:27017'], document_class=dict, tz_aware=False, connect=True, serverselectiontimeoutms=10000), 'ecommerce'), 'redirects')
[2026-03-19 17:02:05] [INFO] Unique index on fromUrl ensured
[2026-03-19 17:04:20] [INFO] redirectController initialized with collection: Collection(Database(MongoClient(host=['localhost:27017'], document_class=dict, tz_aware=False, connect=True, serverselectiontimeoutms=10000), 'ecommerce'), 'redirects')
[2026-03-19 17:04:20] [INFO] Unique index on fromUrl ensured
[2026-03-19 17:05:46] [INFO] redirectController initialized with collection: Collection(Database(MongoClient(host=['localhost:27017'], document_class=dict, tz_aware=False, connect=True, serverselectiontimeoutms=10000), 'ecommerce'), 'redirects')
[2026-03-19 17:05:46] [INFO] Unique index on fromUrl ensured
[2026-03-19 17:08:09] [INFO] redirectController initialized with collection: Collection(Database(MongoClient(host=['localhost:27017'], document_class=dict, tz_aware=False, connect=True, serverselectiontimeoutms=10000), 'ecommerce'), 'redirects')
[2026-03-19 17:08:09] [INFO] Unique index on fromUrl ensured
[2026-03-19 17:12:37] [INFO] redirectController initialized with collection: Collection(Database(MongoClient(host=['localhost:27017'], document_class=dict, tz_aware=False, connect=True, serverselectiontimeoutms=10000), 'ecommerce'), 'redirects')
[2026-03-19 17:12:37] [INFO] Unique index on fromUrl ensured
[2026-03-19 17:15:27] [INFO] redirectController initialized with collection: Collection(Database(MongoClient(host=['localhost:27017'], document_class=dict, tz_aware=False, connect=True, serverselectiontimeoutms=10000), 'ecommerce'), 'redirects')
[2026-03-19 17:15:27] [INFO] Unique index on fromUrl ensured
